<?xml version="1.0" encoding="UTF-8"?>
<coverage generated="1744565007595" clover="3.2.0">
  <project timestamp="1744565007595" name="All files">
    <metrics statements="13" coveredstatements="13" conditionals="2" coveredconditionals="2" methods="5" coveredmethods="5" elements="20" coveredelements="20" complexity="0" loc="13" ncloc="13" packages="1" files="3" classes="3"/>
    <file name="Contact.js" path="C:\xampp\htdocs\nodeandreact\interviewjs\src\component\Contact.js">
      <metrics statements="2" coveredstatements="2" conditionals="0" coveredconditionals="0" methods="1" coveredmethods="1"/>
      <line num="4" count="1" type="stmt"/>
      <line num="5" count="6" type="stmt"/>
    </file>
    <file name="LoginForm.js" path="C:\xampp\htdocs\nodeandreact\interviewjs\src\component\LoginForm.js">
      <metrics statements="9" coveredstatements="9" conditionals="2" coveredconditionals="2" methods="3" coveredmethods="3"/>
      <line num="4" count="1" type="stmt"/>
      <line num="5" count="4" type="stmt"/>
      <line num="6" count="4" type="stmt"/>
      <line num="8" count="4" type="stmt"/>
      <line num="9" count="1" type="stmt"/>
      <line num="10" count="1" type="stmt"/>
      <line num="11" count="1" type="stmt"/>
      <line num="14" count="4" type="stmt"/>
      <line num="20" count="1" type="stmt"/>
    </file>
    <file name="sum.js" path="C:\xampp\htdocs\nodeandreact\interviewjs\src\component\sum.js">
      <metrics statements="2" coveredstatements="2" conditionals="0" coveredconditionals="0" methods="1" coveredmethods="1"/>
      <line num="1" count="1" type="stmt"/>
      <line num="2" count="1" type="stmt"/>
    </file>
  </project>
</coverage>
